<?xml version="1.0" encoding="UTF-8"?>
<testsuite name="TestCalculator" tests="4" skipped="0" failures="0" errors="0" timestamp="2022-11-24T07:27:35" hostname="DESKTOP-5GSO184" time="0.041">
  <properties/>
  <testcase name="additionalDiv()" classname="TestCalculator" time="0.034"/>
  <testcase name="additionalMul()" classname="TestCalculator" time="0.0"/>
  <testcase name="additionalSub()" classname="TestCalculator" time="0.002"/>
  <testcase name="additionalSum()" classname="TestCalculator" time="0.001"/>
  <system-out><![CDATA[]]></system-out>
  <system-err><![CDATA[]]></system-err>
</testsuite>
